#
# A fatal error has been detected by the Java Runtime Environment:
#
#  SIGSEGV (0xb) at pc=0xb6abc3f9, pid=4261, tid=2241379136
#
# JRE version: Java(TM) SE Runtime Environment (8.0_91-b14) (build 1.8.0_91-b14)
# Java VM: Java HotSpot(TM) Server VM (25.91-b14 mixed mode linux-x86 )
# Problematic frame:
# V  [libjvm.so+0x3363f9]  Compile::remove_useless_nodes(Unique_Node_List&)+0x89
#
# Failed to write core dump. Core dumps have been disabled. To enable core dumping, try "ulimit -c unlimited" before starting Java again
#
# If you would like to submit a bug report, please visit:
#   http://bugreport.java.com/bugreport/crash.jsp
#

---------------  T H R E A D  ---------------

Current thread (0x85d33800):  JavaThread "C2 CompilerThread0" daemon [_thread_in_native, id=4289, stack(0x8590b000,0x8598c000)]

siginfo: si_signo: 11 (SIGSEGV), si_code: 1 (SEGV_MAPERR), si_addr: 0x0097a848

Registers:
EAX=0x0097a82c, EBX=0xb7159234, ECX=0x0897d8b8, EDX=0x0897d8b8
ESP=0x8598a0d0, EBP=0x8598a158, ESI=0x00000000, EDI=0x0897d8b8
EIP=0xb6abc3f9, EFLAGS=0x00010202, CR2=0x0097a848

Top of Stack: (sp=0x8598a0d0)
0x8598a0d0:   85d318c8 b76d465b b7159234 b7032ae2
0x8598a0e0:   089f0e40 00000000 00000400 00000002
0x8598a0f0:   8598a2f0 00000027 00000107 b7159234
0x8598a100:   00001245 0897d878 00000002 0897d8b8
0x8598a110:   0897d8b8 088497c0 8598a158 b6eb099a
0x8598a120:   8598a660 00001c29 00000200 00000200
0x8598a130:   876c66d4 00000002 089f0a40 8598a660
0x8598a140:   b70318b0 00001d88 00000763 b7159234 

Instructions: (pc=0xb6abc3f9)
0xb6abc3d9:   00 00 d3 e0 85 04 ba 74 27 46 39 75 b0 7e 4a 8b
0xb6abc3e9:   55 ac 8b 52 08 89 55 b8 8d 0c b2 89 4d b4 8b 01
0xb6abc3f9:   8b 48 1c 8b 45 0c 89 cf c1 ef 05 3b 78 18 72 c7
0xb6abc409:   8b 45 94 8b 55 ac 48 4e 89 42 14 46 8b 4d b8 8b 

Register to memory mapping:

EAX=0x0097a82c is an unknown value
EBX=0xb7159234: <offset 0x9d3234> in /home/ggolong/dev/sdk/java/jdk1.8.0_91/jre/lib/i386/server/libjvm.so at 0xb6786000
ECX=0x0897d8b8 is an unknown value
EDX=0x0897d8b8 is an unknown value
ESP=0x8598a0d0 is pointing into the stack for thread: 0x85d33800
EBP=0x8598a158 is pointing into the stack for thread: 0x85d33800
ESI=0x00000000 is an unknown value
EDI=0x0897d8b8 is an unknown value


Stack: [0x8590b000,0x8598c000],  sp=0x8598a0d0,  free space=508k
Native frames: (J=compiled Java code, j=interpreted, Vv=VM code, C=native code)
V  [libjvm.so+0x3363f9]  Compile::remove_useless_nodes(Unique_Node_List&)+0x89
V  [libjvm.so+0x797a50]  PhaseRemoveUseless::PhaseRemoveUseless(PhaseGVN*, Unique_Node_List*)+0x1a0
V  [libjvm.so+0x33c293]  Compile::inline_string_calls(bool)+0x73
V  [libjvm.so+0x33e84c]  Compile::Compile(ciEnv*, C2Compiler*, ciMethod*, int, bool, bool, bool)+0x150c
V  [libjvm.so+0x2948a4]  C2Compiler::compile_method(ciEnv*, ciMethod*, int)+0x1b4
V  [libjvm.so+0x348d31]  CompileBroker::invoke_compiler_on_method(CompileTask*)+0xda1
V  [libjvm.so+0x349b47]  CompileBroker::compiler_thread_loop()+0x567
V  [libjvm.so+0x879438]  compiler_thread_entry(JavaThread*, Thread*)+0x18
V  [libjvm.so+0x8839a9]  JavaThread::thread_main_inner()+0x109
V  [libjvm.so+0x883b2b]  JavaThread::run()+0x14b
V  [libjvm.so+0x755d19]  java_start(Thread*)+0x119
C  [libpthread.so.0+0x6d4c]  start_thread+0xcc
C  [libc.so.6+0xefdde]  clone+0x5e


Current CompileTask:
C2:   8499 3782       4       com.sun.tools.javac.file.ZipFileIndex$ZipDirectory::readEntry (587 bytes)


---------------  P R O C E S S  ---------------

Java Threads: ( => current thread )
  0x85d38800 JavaThread "Service Thread" daemon [_thread_blocked, id=4291, stack(0x85839000,0x8588a000)]
  0x85d35800 JavaThread "C1 CompilerThread1" daemon [_thread_in_native, id=4290, stack(0x8588a000,0x8590b000)]
=>0x85d33800 JavaThread "C2 CompilerThread0" daemon [_thread_in_native, id=4289, stack(0x8590b000,0x8598c000)]
  0x85d32000 JavaThread "Signal Dispatcher" daemon [_thread_blocked, id=4288, stack(0x8598c000,0x859dd000)]
  0x85d17c00 JavaThread "Finalizer" daemon [_thread_blocked, id=4287, stack(0x85bdd000,0x85c2e000)]
  0x85d15000 JavaThread "Reference Handler" daemon [_thread_blocked, id=4286, stack(0x85c2e000,0x85c7f000)]
  0xb6607800 JavaThread "main" [_thread_in_Java, id=4282, stack(0xb6709000,0xb675a000)]

Other Threads:
  0x85d10800 VMThread [stack: 0x85c7f000,0x85d00000] [id=4285]
  0x85d3a400 WatcherThread [stack: 0x857b8000,0x85839000] [id=4292]

VM state:not at safepoint (normal execution)

VM Mutex/Monitor currently owned by a thread: None

Heap:
 PSYoungGen      total 71936K, used 56885K [0x9c8c0000, 0xa5b40000, 0xa7000000)
  eden space 65536K, 86% used [0x9c8c0000,0xa004d408,0xa08c0000)
  from space 6400K, 0% used [0xa08c0000,0xa08c0000,0xa0f00000)
  to   space 9472K, 0% used [0xa5200000,0xa5200000,0xa5b40000)
 ParOldGen       total 37632K, used 18759K [0x87a00000, 0x89ec0000, 0x9c8c0000)
  object space 37632K, 49% used [0x87a00000,0x88c51eb0,0x89ec0000)
 Metaspace       used 15740K, capacity 15934K, committed 16024K, reserved 16688K

Card table byte_map: [0xa70b9000,0xa71b5000] byte_map_base: 0xa6c7c000

Marking Bits: (ParMarkBitMap*) 0xb7189bc0
 Begin Bits: [0x86650000, 0x86e28000)
 End Bits:   [0x86e28000, 0x87600000)

Polling page: 0xb7783000

CodeCache: size=245760Kb used=9170Kb max_used=9170Kb free=236590Kb
 bounds [0xa7575000, 0xa7e6d000, 0xb6575000]
 total_blobs=4035 nmethods=3849 adapters=101
 compilation: enabled

Compilation events (10 events):
Event: 8.435 Thread 0x85d35800 nmethod 3831 0xa7e54588 code [0xa7e546a0, 0xa7e5478c]
Event: 8.435 Thread 0x85d35800 3837       2       com.sun.tools.javac.comp.Env::<init> (45 bytes)
Event: 8.435 Thread 0x85d35800 nmethod 3837 0xa7e54808 code [0xa7e54900, 0xa7e54a60]
Event: 8.435 Thread 0x85d35800 3809       2       com.sun.tools.javac.code.Attribute::<init> (10 bytes)
Event: 8.435 Thread 0x85d35800 nmethod 3809 0xa7e54ac8 code [0xa7e54bc0, 0xa7e54ca0]
Event: 8.435 Thread 0x85d35800 3804       2       com.sun.tools.javac.code.Symbol$VarSymbol::<init> (22 bytes)
Event: 8.435 Thread 0x85d35800 nmethod 3804 0xa7e54d08 code [0xa7e54e20, 0xa7e54f4c]
Event: 8.435 Thread 0x85d35800 3816       1       java.util.Formatter$FixedString::index (3 bytes)
Event: 8.436 Thread 0x85d35800 nmethod 3816 0xa7e55008 code [0xa7e55100, 0xa7e551a0]
Event: 8.436 Thread 0x85d35800 3838   !   2       com.sun.tools.javac.comp.Resolve::selectBest (331 bytes)

GC Heap History (10 events):
Event: 1.886 GC heap before
{Heap before GC invocations=4 (full 0):
 PSYoungGen      total 17664K, used 17657K [0x9c8c0000, 0x9eb40000, 0xa7000000)
  eden space 16384K, 100% used [0x9c8c0000,0x9d8c0000,0x9d8c0000)
  from space 1280K, 99% used [0x9d8c0000,0x9d9fe438,0x9da00000)
  to   space 1280K, 0% used [0x9ea00000,0x9ea00000,0x9eb40000)
 ParOldGen       total 22016K, used 3788K [0x87a00000, 0x88f80000, 0x9c8c0000)
  object space 22016K, 17% used [0x87a00000,0x87db3398,0x88f80000)
 Metaspace       used 7208K, capacity 7289K, committed 7320K, reserved 7472K
Event: 1.902 GC heap after
Heap after GC invocations=4 (full 0):
 PSYoungGen      total 34048K, used 1264K [0x9c8c0000, 0x9eb40000, 0xa7000000)
  eden space 32768K, 0% used [0x9c8c0000,0x9c8c0000,0x9e8c0000)
  from space 1280K, 98% used [0x9ea00000,0x9eb3c040,0x9eb40000)
  to   space 1280K, 0% used [0x9e8c0000,0x9e8c0000,0x9ea00000)
 ParOldGen       total 22016K, used 6840K [0x87a00000, 0x88f80000, 0x9c8c0000)
  object space 22016K, 31% used [0x87a00000,0x880ae1d8,0x88f80000)
 Metaspace       used 7208K, capacity 7289K, committed 7320K, reserved 7472K
}
Event: 3.483 GC heap before
{Heap before GC invocations=5 (full 0):
 PSYoungGen      total 34048K, used 34032K [0x9c8c0000, 0x9eb40000, 0xa7000000)
  eden space 32768K, 100% used [0x9c8c0000,0x9e8c0000,0x9e8c0000)
  from space 1280K, 98% used [0x9ea00000,0x9eb3c040,0x9eb40000)
  to   space 1280K, 0% used [0x9e8c0000,0x9e8c0000,0x9ea00000)
 ParOldGen       total 22016K, used 6840K [0x87a00000, 0x88f80000, 0x9c8c0000)
  object space 22016K, 31% used [0x87a00000,0x880ae1d8,0x88f80000)
 Metaspace       used 9951K, capacity 10028K, committed 10136K, reserved 10544K
Event: 3.522 GC heap after
Heap after GC invocations=5 (full 0):
 PSYoungGen      total 34048K, used 1266K [0x9c8c0000, 0xa15c0000, 0xa7000000)
  eden space 32768K, 0% used [0x9c8c0000,0x9c8c0000,0x9e8c0000)
  from space 1280K, 98% used [0x9e8c0000,0x9e9fc880,0x9ea00000)
  to   space 6656K, 0% used [0xa0f40000,0xa0f40000,0xa15c0000)
 ParOldGen       total 22016K, used 12059K [0x87a00000, 0x88f80000, 0x9c8c0000)
  object space 22016K, 54% used [0x87a00000,0x885c6c20,0x88f80000)
 Metaspace       used 9951K, capacity 10028K, committed 10136K, reserved 10544K
}
Event: 4.611 GC heap before
{Heap before GC invocations=6 (full 0):
 PSYoungGen      total 34048K, used 34034K [0x9c8c0000, 0xa15c0000, 0xa7000000)
  eden space 32768K, 100% used [0x9c8c0000,0x9e8c0000,0x9e8c0000)
  from space 1280K, 98% used [0x9e8c0000,0x9e9fc880,0x9ea00000)
  to   space 6656K, 0% used [0xa0f40000,0xa0f40000,0xa15c0000)
 ParOldGen       total 22016K, used 12059K [0x87a00000, 0x88f80000, 0x9c8c0000)
  object space 22016K, 54% used [0x87a00000,0x885c6c20,0x88f80000)
 Metaspace       used 10395K, capacity 10516K, committed 10648K, reserved 11568K
Event: 4.641 GC heap after
Heap after GC invocations=6 (full 0):
 PSYoungGen      total 71680K, used 3764K [0x9c8c0000, 0xa1540000, 0xa7000000)
  eden space 65536K, 0% used [0x9c8c0000,0x9c8c0000,0xa08c0000)
  from space 6144K, 61% used [0xa0f40000,0xa12ed308,0xa1540000)
  to   space 6400K, 0% used [0xa08c0000,0xa08c0000,0xa0f00000)
 ParOldGen       total 22016K, used 12063K [0x87a00000, 0x88f80000, 0x9c8c0000)
  object space 22016K, 54% used [0x87a00000,0x885c7c20,0x88f80000)
 Metaspace       used 10395K, capacity 10516K, committed 10648K, reserved 11568K
}
Event: 6.905 GC heap before
{Heap before GC invocations=7 (full 0):
 PSYoungGen      total 71680K, used 69300K [0x9c8c0000, 0xa1540000, 0xa7000000)
  eden space 65536K, 100% used [0x9c8c0000,0xa08c0000,0xa08c0000)
  from space 6144K, 61% used [0xa0f40000,0xa12ed308,0xa1540000)
  to   space 6400K, 0% used [0xa08c0000,0xa08c0000,0xa0f00000)
 ParOldGen       total 22016K, used 12063K [0x87a00000, 0x88f80000, 0x9c8c0000)
  object space 22016K, 54% used [0x87a00000,0x885c7c20,0x88f80000)
 Metaspace       used 14302K, capacity 14479K, committed 14616K, reserved 14640K
Event: 6.961 GC heap after
Heap after GC invocations=7 (full 0):
 PSYoungGen      total 71936K, used 6395K [0x9c8c0000, 0xa5b40000, 0xa7000000)
  eden space 65536K, 0% used [0x9c8c0000,0x9c8c0000,0xa08c0000)
  from space 6400K, 99% used [0xa08c0000,0xa0efed30,0xa0f00000)
  to   space 9472K, 0% used [0xa5200000,0xa5200000,0xa5b40000)
 ParOldGen       total 22016K, used 16539K [0x87a00000, 0x88f80000, 0x9c8c0000)
  object space 22016K, 75% used [0x87a00000,0x88a26fd0,0x88f80000)
 Metaspace       used 14302K, capacity 14479K, committed 14616K, reserved 14640K
}
Event: 6.961 GC heap before
{Heap before GC invocations=8 (full 1):
 PSYoungGen      total 71936K, used 6395K [0x9c8c0000, 0xa5b40000, 0xa7000000)
  eden space 65536K, 0% used [0x9c8c0000,0x9c8c0000,0xa08c0000)
  from space 6400K, 99% used [0xa08c0000,0xa0efed30,0xa0f00000)
  to   space 9472K, 0% used [0xa5200000,0xa5200000,0xa5b40000)
 ParOldGen       total 22016K, used 16539K [0x87a00000, 0x88f80000, 0x9c8c0000)
  object space 22016K, 75% used [0x87a00000,0x88a26fd0,0x88f80000)
 Metaspace       used 14302K, capacity 14479K, committed 14616K, reserved 14640K
Event: 7.141 GC heap after
Heap after GC invocations=8 (full 1):
 PSYoungGen      total 71936K, used 0K [0x9c8c0000, 0xa5b40000, 0xa7000000)
  eden space 65536K, 0% used [0x9c8c0000,0x9c8c0000,0xa08c0000)
  from space 6400K, 0% used [0xa08c0000,0xa08c0000,0xa0f00000)
  to   space 9472K, 0% used [0xa5200000,0xa5200000,0xa5b40000)
 ParOldGen       total 37632K, used 18759K [0x87a00000, 0x89ec0000, 0x9c8c0000)
  object space 37632K, 49% used [0x87a00000,0x88c51eb0,0x89ec0000)
 Metaspace       used 14302K, capacity 14479K, committed 14616K, reserved 14640K
}

Deoptimization events (10 events):
Event: 7.750 Thread 0xb6607800 Uncommon trap: reason=class_check action=maybe_recompile pc=0xa7b8577c method=java.util.Hashtable.addEntry(ILjava/lang/Object;Ljava/lang/Object;I)V @ 38
Event: 7.766 Thread 0xb6607800 Uncommon trap: reason=class_check action=maybe_recompile pc=0xa7b8577c method=java.util.Hashtable.addEntry(ILjava/lang/Object;Ljava/lang/Object;I)V @ 38
Event: 7.779 Thread 0xb6607800 Uncommon trap: reason=class_check action=maybe_recompile pc=0xa7bbfcb4 method=java.util.Hashtable.get(Ljava/lang/Object;)Ljava/lang/Object; @ 6
Event: 7.780 Thread 0xb6607800 Uncommon trap: reason=class_check action=maybe_recompile pc=0xa7bbfcb4 method=java.util.Hashtable.get(Ljava/lang/Object;)Ljava/lang/Object; @ 6
Event: 7.780 Thread 0xb6607800 Uncommon trap: reason=class_check action=maybe_recompile pc=0xa7bbfcb4 method=java.util.Hashtable.get(Ljava/lang/Object;)Ljava/lang/Object; @ 6
Event: 7.780 Thread 0xb6607800 Uncommon trap: reason=class_check action=maybe_recompile pc=0xa7bbfcb4 method=java.util.Hashtable.get(Ljava/lang/Object;)Ljava/lang/Object; @ 6
Event: 7.895 Thread 0xb6607800 Uncommon trap: reason=unstable_if action=reinterpret pc=0xa7ad8994 method=org.codehaus.plexus.util.xml.pull.MXParser.nextImpl()I @ 280
Event: 8.068 Thread 0xb6607800 Uncommon trap: reason=unstable_if action=reinterpret pc=0xa7d228d4 method=java.util.regex.Pattern$CharProperty.match(Ljava/util/regex/Matcher;ILjava/lang/CharSequence;)Z @ 40
Event: 8.273 Thread 0xb6607800 Uncommon trap: reason=unstable_if action=reinterpret pc=0xa76bc840 method=java.util.HashMap.putVal(ILjava/lang/Object;Ljava/lang/Object;ZZ)Ljava/lang/Object; @ 193
Event: 8.273 Thread 0xb6607800 Uncommon trap: reason=unstable_if action=reinterpret pc=0xa7bfe0e8 method=sun.misc.URLClassPath$JarLoader.getResource(Ljava/lang/String;Z)Lsun/misc/Resource; @ 62

Internal exceptions (10 events):
Event: 3.891 Thread 0xb6607800 Exception <a 'java/lang/NullPointerException'> (0x9d121f20) thrown at [/HUDSON/workspace/8-2-build-linux-i586/jdk8u91/6644/hotspot/src/share/vm/interpreter/linkResolver.cpp, line 1178]
Event: 3.891 Thread 0xb6607800 Exception <a 'java/lang/NullPointerException'> (0x9d122958) thrown at [/HUDSON/workspace/8-2-build-linux-i586/jdk8u91/6644/hotspot/src/share/vm/interpreter/linkResolver.cpp, line 1178]
Event: 3.892 Thread 0xb6607800 Exception <a 'java/lang/NullPointerException'> (0x9d122d48) thrown at [/HUDSON/workspace/8-2-build-linux-i586/jdk8u91/6644/hotspot/src/share/vm/interpreter/linkResolver.cpp, line 1178]
Event: 3.892 Thread 0xb6607800 Exception <a 'java/lang/NullPointerException'> (0x9d123138) thrown at [/HUDSON/workspace/8-2-build-linux-i586/jdk8u91/6644/hotspot/src/share/vm/interpreter/linkResolver.cpp, line 1178]
Event: 3.948 Thread 0xb6607800 Implicit null exception at 0xa7ab2d9e to 0xa7ab34a1
Event: 5.233 Thread 0xb6607800 Exception <a 'java/lang/ClassNotFoundException': com/sun/tools/javac/api/JavacTool> (0x9e48da90) thrown at [/HUDSON/workspace/8-2-build-linux-i586/jdk8u91/6644/hotspot/src/share/vm/classfile/systemDictionary.cpp, line 210]
Event: 6.032 Thread 0xb6607800 Exception <a 'java/io/FileNotFoundException'> (0x9f4c76b0) thrown at [/HUDSON/workspace/8-2-build-linux-i586/jdk8u91/6644/hotspot/src/share/vm/prims/jni.cpp, line 709]
Event: 6.035 Thread 0xb6607800 Exception <a 'java/io/FileNotFoundException'> (0x9f4f90e0) thrown at [/HUDSON/workspace/8-2-build-linux-i586/jdk8u91/6644/hotspot/src/share/vm/prims/jni.cpp, line 709]
Event: 8.324 Thread 0xb6607800 Exception <a 'java/io/FileNotFoundException'> (0x9f7b73e0) thrown at [/HUDSON/workspace/8-2-build-linux-i586/jdk8u91/6644/hotspot/src/share/vm/prims/jni.cpp, line 709]
Event: 8.325 Thread 0xb6607800 Exception <a 'java/io/FileNotFoundException'> (0x9f7b8910) thrown at [/HUDSON/workspace/8-2-build-linux-i586/jdk8u91/6644/hotspot/src/share/vm/prims/jni.cpp, line 709]

Events (10 events):
Event: 8.395 Thread 0xb6607800 DEOPT PACKING pc=0xa7cc4b2a sp=0xb6756a60
Event: 8.395 Thread 0xb6607800 DEOPT UNPACKING pc=0xa75b1310 sp=0xb6756994 mode 0
Event: 8.397 loading class com/sun/tools/javac/comp/Check$9
Event: 8.397 loading class com/sun/tools/javac/comp/Check$9 done
Event: 8.402 loading class com/sun/tools/javac/comp/Attr$2
Event: 8.402 loading class com/sun/tools/javac/comp/Attr$2 done
Event: 8.416 loading class com/sun/tools/javac/comp/Resolve$MostSpecificCheck
Event: 8.416 loading class com/sun/tools/javac/comp/Resolve$MostSpecificCheck done
Event: 8.417 loading class com/sun/tools/javac/comp/Resolve$MostSpecificCheck$MostSpecificCheckContext
Event: 8.417 loading class com/sun/tools/javac/comp/Resolve$MostSpecificCheck$MostSpecificCheckContext done


Dynamic libraries:
08048000-08049000 r-xp 00000000 08:01 2393693    /home/ggolong/dev/sdk/java/jdk1.8.0_91/bin/java
08049000-0804a000 rw-p 00000000 08:01 2393693    /home/ggolong/dev/sdk/java/jdk1.8.0_91/bin/java
0880e000-0922d000 rw-p 00000000 00:00 0          [heap]
83765000-83900000 rw-p 00000000 00:00 0 
83900000-83999000 rw-p 00000000 00:00 0 
83999000-83a00000 ---p 00000000 00:00 0 
83aa0000-83aa2000 rw-p 00000000 00:00 0 
83aa2000-83b00000 r--s 004ac000 08:01 3539518    /home/ggolong/.m2/repository/org/hibernate/hibernate-core/4.3.11.Final/hibernate-core-4.3.11.Final.jar
83b00000-83bfc000 rw-p 00000000 00:00 0 
83bfc000-83c00000 ---p 00000000 00:00 0 
83c00000-83c60000 rw-p 00000000 00:00 0 
83c60000-83d00000 ---p 00000000 00:00 0 
83d00000-83e00000 rw-p 00000000 00:00 0 
83e00000-83ee5000 rw-p 00000000 00:00 0 
83ee5000-83f00000 ---p 00000000 00:00 0 
83f00000-84000000 rw-p 00000000 00:00 0 
84000000-84100000 rw-p 00000000 00:00 0 
84100000-84200000 rw-p 00000000 00:00 0 
84200000-842f8000 rw-p 00000000 00:00 0 
842f8000-84300000 ---p 00000000 00:00 0 
84300000-84400000 rw-p 00000000 00:00 0 
84400000-844fc000 rw-p 00000000 00:00 0 
844fc000-84500000 ---p 00000000 00:00 0 
84500000-84507000 r--s 00064000 08:01 2393918    /home/ggolong/.m2/repository/org/apache/commons/commons-lang3/3.4/commons-lang3-3.4.jar
84507000-8450f000 r--s 0009a000 08:01 3670044    /home/ggolong/.m2/repository/org/postgresql/postgresql/9.4-1206-jdbc42/postgresql-9.4-1206-jdbc42.jar
8450f000-84511000 r--s 00011000 08:01 3539531    /home/ggolong/.m2/repository/org/jboss/jandex/1.1.0.Final/jandex-1.1.0.Final.jar
84511000-84516000 r--s 00068000 08:01 3279101    /home/ggolong/.m2/repository/antlr/antlr/2.7.7/antlr-2.7.7.jar
84516000-84520000 r--s 000a5000 08:01 3539528    /home/ggolong/.m2/repository/org/javassist/javassist/3.18.1-GA/javassist-3.18.1-GA.jar
84520000-84523000 r--s 00010000 08:01 3539526    /home/ggolong/.m2/repository/org/hibernate/common/hibernate-commons-annotations/4.0.5.Final/hibernate-commons-annotations-4.0.5.Final.jar
84523000-84528000 r--s 00016000 08:01 3018592    /home/ggolong/.m2/repository/xml-apis/xml-apis/1.0.b2/xml-apis-1.0.b2.jar
84528000-8452d000 r--s 00048000 08:01 3018591    /home/ggolong/.m2/repository/dom4j/dom4j/1.6.1/dom4j-1.6.1.jar
8452d000-8452e000 r--s 00006000 08:01 3539524    /home/ggolong/.m2/repository/org/jboss/spec/javax/transaction/jboss-transaction-api_1.2_spec/1.0.0.Final/jboss-transaction-api_1.2_spec-1.0.0.Final.jar
8452e000-8452f000 r--s 00002000 08:01 3539522    /home/ggolong/.m2/repository/org/jboss/logging/jboss-logging-annotations/1.2.0.Beta1/jboss-logging-annotations-1.2.0.Beta1.jar
8452f000-84531000 r--s 0000c000 08:01 3539520    /home/ggolong/.m2/repository/org/jboss/logging/jboss-logging/3.1.3.GA/jboss-logging-3.1.3.GA.jar
84531000-84536000 r--s 00017000 08:01 2245624    /home/ggolong/.m2/repository/org/hibernate/javax/persistence/hibernate-jpa-2.1-api/1.0.0.Final/hibernate-jpa-2.1-api-1.0.0.Final.jar
84536000-84538000 r--s 00001000 08:01 2503246    /home/ggolong/dev/projects/hibernate-exercise/hb-core/hb-model/target/hb-model-1.0-SNAPSHOT.jar
84538000-84539000 r--s 00000000 08:01 3539027    /home/ggolong/dev/projects/hibernate-exercise/hb-infra/hb-persistence/target/hb-persistence-1.0-SNAPSHOT.jar
84539000-8453d000 r--s 0002f000 08:01 3279043    /home/ggolong/.m2/repository/commons-lang/commons-lang/2.1/commons-lang-2.1.jar
8453d000-84540000 r--s 0000c000 08:01 3408509    /home/ggolong/.m2/repository/org/codehaus/plexus/plexus-io/2.0.2/plexus-io-2.0.2.jar
84540000-84545000 r--s 00029000 08:01 3408505    /home/ggolong/.m2/repository/org/codehaus/plexus/plexus-archiver/2.1/plexus-archiver-2.1.jar
84545000-84547000 r--s 0000d000 08:01 3408503    /home/ggolong/.m2/repository/org/codehaus/plexus/plexus-interpolation/1.15/plexus-interpolation-1.15.jar
84547000-84549000 r--s 00006000 08:01 3408126    /home/ggolong/.m2/repository/commons-cli/commons-cli/1.0/commons-cli-1.0.jar
84549000-8454a000 r--s 00001000 08:01 3408119    /home/ggolong/.m2/repository/org/apache/maven/doxia/doxia-sink-api/1.0-alpha-7/doxia-sink-api-1.0-alpha-7.jar
8454a000-8454b000 r--s 00002000 08:01 3408118    /home/ggolong/.m2/repository/org/apache/maven/reporting/maven-reporting-api/2.0.6/maven-reporting-api-2.0.6.jar
8454b000-8454d000 r--s 00004000 08:01 3408507    /home/ggolong/.m2/repository/org/apache/maven/maven-archiver/2.5/maven-archiver-2.5.jar
8454d000-8454f000 r--s 00007000 08:01 3407954    /home/ggolong/.m2/repository/org/apache/maven/plugins/maven-jar-plugin/2.4/maven-jar-plugin-2.4.jar
8454f000-84551000 r--s 00002000 08:01 3408448    /home/ggolong/.m2/repository/org/apache/maven/plugin-tools/maven-plugin-annotations/3.1/maven-plugin-annotations-3.1.jar
84551000-84552000 r--s 00002000 08:01 3408443    /home/ggolong/.m2/repository/org/apache/maven/reporting/maven-reporting-api/2.0.9/maven-reporting-api-2.0.9.jar
84552000-84556000 r--s 00035000 08:01 3408441    /home/ggolong/.m2/repository/org/codehaus/plexus/plexus-utils/3.0.8/plexus-utils-3.0.8.jar
84556000-84558000 r--s 00006000 08:01 3408439    /home/ggolong/.m2/repository/org/apache/maven/shared/maven-common-artifact-filters/1.3/maven-common-artifact-filters-1.3.jar
84558000-8455e000 r--s 00048000 08:01 2245450    /home/ggolong/.m2/repository/org/apache/commons/commons-lang3/3.1/commons-lang3-3.1.jar
8455e000-84563000 r--s 0003c000 08:01 3408437    /home/ggolong/.m2/repository/org/apache/maven/surefire/maven-surefire-common/2.12.4/maven-surefire-common-2.12.4.jar
84563000-84567000 r--s 00019000 08:01 3408435    /home/ggolong/.m2/repository/org/apache/maven/surefire/surefire-api/2.12.4/surefire-api-2.12.4.jar
84567000-84569000 r--s 00007000 08:01 3408433    /home/ggolong/.m2/repository/org/apache/maven/surefire/surefire-booter/2.12.4/surefire-booter-2.12.4.jar
84569000-8456a000 r--s 00007000 08:01 3148216    /home/ggolong/.m2/repository/org/apache/maven/plugins/maven-surefire-plugin/2.12.4/maven-surefire-plugin-2.12.4.jar
8456a000-8466a000 rw-p 00000000 00:00 0 
8466a000-846e3000 r--s 010e3000 08:01 2245316    /home/ggolong/dev/sdk/java/jdk1.8.0_91/lib/tools.jar
846e3000-846e4000 r--s 00004000 08:01 3408664    /home/ggolong/.m2/repository/org/codehaus/plexus/plexus-compiler-javac/2.7/plexus-compiler-javac-2.7.jar
846e4000-846e6000 r--s 00000000 08:01 3408661    /home/ggolong/.m2/repository/org/codehaus/plexus/plexus-compiler-manager/2.7/plexus-compiler-manager-2.7.jar
846e6000-846e8000 r--s 00005000 08:01 3408659    /home/ggolong/.m2/repository/org/codehaus/plexus/plexus-compiler-api/2.7/plexus-compiler-api-2.7.jar
846e8000-846ea000 r--s 00002000 08:01 3408355    /home/ggolong/.m2/repository/org/apache/maven/shared/maven-shared-incremental/1.1/maven-shared-incremental-1.1.jar
846ea000-846ee000 r--s 0002a000 08:01 3279597    /home/ggolong/.m2/repository/commons-io/commons-io/2.4/commons-io-2.4.jar
846ee000-846f1000 r--s 00023000 08:01 3408655    /home/ggolong/.m2/repository/org/apache/maven/shared/maven-shared-utils/3.0.0/maven-shared-utils-3.0.0.jar
846f1000-846f3000 r--s 00000000 08:01 3018588    /home/ggolong/.m2/repository/org/codehaus/plexus/plexus-component-annotations/1.5.5/plexus-component-annotations-1.5.5.jar
846f3000-846f5000 r--s 0000d000 08:01 3279311    /home/ggolong/.m2/repository/org/codehaus/plexus/plexus-interpolation/1.14/plexus-interpolation-1.14.jar
846f5000-84700000 r--s 00069000 08:01 3279309    /home/ggolong/.m2/repository/org/sonatype/sisu/sisu-guice/2.1.7/sisu-guice-2.1.7-noaop.jar
84700000-847fe000 rw-p 00000000 00:00 0 
847fe000-84800000 ---p 00000000 00:00 0 
84800000-848fe000 rw-p 00000000 00:00 0 
848fe000-84900000 ---p 00000000 00:00 0 
84900000-84a00000 rw-p 00000000 00:00 0 
84a00000-84afd000 rw-p 00000000 00:00 0 
84afd000-84b00000 ---p 00000000 00:00 0 
84b00000-84c00000 rw-p 00000000 00:00 0 
84c00000-84cff000 rw-p 00000000 00:00 0 
84cff000-84d00000 ---p 00000000 00:00 0 
84d00000-84e00000 rw-p 00000000 00:00 0 
84e00000-84f00000 rw-p 00000000 00:00 0 
84f00000-85000000 rw-p 00000000 00:00 0 
85000000-85100000 rw-p 00000000 00:00 0 
85100000-85200000 rw-p 00000000 00:00 0 
85200000-85300000 rw-p 00000000 00:00 0 
85300000-85400000 rw-p 00000000 00:00 0 
85400000-854f9000 rw-p 00000000 00:00 0 
854f9000-85500000 ---p 00000000 00:00 0 
85500000-855fe000 rw-p 00000000 00:00 0 
855fe000-85600000 ---p 00000000 00:00 0 
85600000-85700000 rw-p 00000000 00:00 0 
85700000-85704000 r--s 00017000 08:01 3279295    /home/ggolong/.m2/repository/org/sonatype/aether/aether-util/1.7/aether-util-1.7.jar
85704000-85708000 r--s 00033000 08:01 2887934    /home/ggolong/.m2/repository/org/codehaus/plexus/plexus-utils/2.0.4/plexus-utils-2.0.4.jar
85708000-8570d000 r--s 00021000 08:01 3279307    /home/ggolong/.m2/repository/org/sonatype/sisu/sisu-inject-bean/1.4.2/sisu-inject-bean-1.4.2.jar
8570d000-8570f000 r--s 0000b000 08:01 3279579    /home/ggolong/.m2/repository/org/apache/maven/plugins/maven-compiler-plugin/3.5.1/maven-compiler-plugin-3.5.1.jar
8570f000-85712000 r--s 0000d000 08:01 3018708    /home/ggolong/.m2/repository/org/codehaus/plexus/plexus-interpolation/1.19/plexus-interpolation-1.19.jar
85712000-85713000 r--s 00001000 08:01 3408142    /home/ggolong/.m2/repository/org/sonatype/plexus/plexus-build-api/0.0.4/plexus-build-api-0.0.4.jar
85713000-85715000 r--s 00006000 08:01 3408354    /home/ggolong/.m2/repository/com/google/code/findbugs/jsr305/2.0.1/jsr305-2.0.1.jar
85715000-85718000 r--s 00023000 08:01 3408797    /home/ggolong/.m2/repository/org/apache/maven/shared/maven-shared-utils/0.3/maven-shared-utils-0.3.jar
85718000-8571a000 r--s 00009000 08:01 3539540    /home/ggolong/.m2/repository/org/apache/maven/shared/maven-filtering/1.2/maven-filtering-1.2.jar
8571a000-8571e000 r--s 00037000 08:01 3411408    /home/ggolong/.m2/repository/org/codehaus/plexus/plexus-utils/3.0.15/plexus-utils-3.0.15.jar
8571e000-85720000 r--s 00002000 08:01 3148207    /home/ggolong/.m2/repository/org/sonatype/plexus/plexus-cipher/1.4/plexus-cipher-1.4.jar
85720000-85721000 r--s 00006000 08:01 3279093    /home/ggolong/.m2/repository/org/sonatype/plexus/plexus-sec-dispatcher/1.3/plexus-sec-dispatcher-1.3.jar
85721000-85723000 r--s 00002000 08:01 3408128    /home/ggolong/.m2/repository/org/codehaus/plexus/plexus-interactivity-api/1.0-alpha-4/plexus-interactivity-api-1.0-alpha-4.jar
85723000-85725000 r--s 00009000 08:01 3279075    /home/ggolong/.m2/repository/commons-cli/commons-cli/1.2/commons-cli-1.2.jar
85725000-85726000 r--s 00002000 08:01 3279066    /home/ggolong/.m2/repository/org/apache/maven/doxia/doxia-logging-api/1.1/doxia-logging-api-1.1.jar
85726000-85728000 r--s 00002000 08:01 3279063    /home/ggolong/.m2/repository/org/apache/maven/doxia/doxia-sink-api/1.1/doxia-sink-api-1.1.jar
85728000-85729000 r--s 00002000 08:01 3279062    /home/ggolong/.m2/repository/org/apache/maven/reporting/maven-reporting-api/2.2.1/maven-reporting-api-2.2.1.jar
85729000-8572b000 r--s 00003000 08:01 3279060    /home/ggolong/.m2/repository/org/slf4j/jcl-over-slf4j/1.5.6/jcl-over-slf4j-1.5.6.jar
8572b000-8572d000 r--s 00001000 08:01 3279056    /home/ggolong/.m2/repository/org/slf4j/slf4j-jdk14/1.5.6/slf4j-jdk14-1.5.6.jar
8572d000-85735000 r--s 00049000 08:01 3279086    /home/ggolong/.m2/repository/backport-util-concurrent/backport-util-concurrent/3.1/backport-util-concurrent-3.1.jar
85735000-85736000 r--s 00007000 08:01 3539449    /home/ggolong/.m2/repository/org/apache/maven/plugins/maven-resources-plugin/2.7/maven-resources-plugin-2.7.jar
85736000-85737000 r--s 00002000 08:01 2887687    /home/ggolong/.m2/repository/org/codehaus/plexus/plexus-digest/1.0/plexus-digest-1.0.jar
85737000-8573b000 r--s 00035000 08:01 2887685    /home/ggolong/.m2/repository/org/codehaus/plexus/plexus-utils/3.0.5/plexus-utils-3.0.5.jar
8573b000-8573e000 r--s 0001b000 08:01 3407960    /home/ggolong/.m2/repository/junit/junit/3.8.1/junit-3.8.1.jar
8573e000-8573f000 r--s 00006000 08:01 2105873    /home/ggolong/.m2/repository/org/apache/maven/plugins/maven-install-plugin/2.4/maven-install-plugin-2.4.jar
8573f000-85743000 r--s 00034000 08:01 3408511    /home/ggolong/.m2/repository/org/codehaus/plexus/plexus-utils/3.0/plexus-utils-3.0.jar
85743000-85745000 r--s 00005000 08:01 2105866    /home/ggolong/.m2/repository/org/apache/maven/plugins/maven-clean-plugin/2.5/maven-clean-plugin-2.5.jar
85745000-85754000 r-xp 00000000 08:01 2501448    /home/ggolong/dev/sdk/java/jdk1.8.0_91/jre/lib/i386/libnio.so
85754000-85755000 rw-p 0000e000 08:01 2501448    /home/ggolong/dev/sdk/java/jdk1.8.0_91/jre/lib/i386/libnio.so
85755000-8576a000 r-xp 00000000 08:01 2501413    /home/ggolong/dev/sdk/java/jdk1.8.0_91/jre/lib/i386/libnet.so
8576a000-8576b000 rw-p 00015000 08:01 2501413    /home/ggolong/dev/sdk/java/jdk1.8.0_91/jre/lib/i386/libnet.so
8576b000-8576f000 r--s 00097000 08:01 2393781    /home/ggolong/dev/sdk/java/jdk1.8.0_91/jre/lib/jsse.jar
8576f000-85770000 r--s 00001000 08:01 3278390    /home/ggolong/dev/build-tools/maven/apache-maven-3.3.9/lib/jsr250-api-1.0.jar
85770000-85773000 r--s 0000b000 08:01 3278403    /home/ggolong/dev/build-tools/maven/apache-maven-3.3.9/lib/wagon-provider-api-2.10.jar
85773000-85775000 r--s 00000000 08:01 3278382    /home/ggolong/dev/build-tools/maven/apache-maven-3.3.9/lib/plexus-component-annotations-1.6.jar
85775000-85776000 r--s 00008000 08:01 3278412    /home/ggolong/dev/build-tools/maven/apache-maven-3.3.9/lib/aether-connector-basic-1.0.2.v20150114.jar
85776000-85777000 r--s 00006000 08:01 3278385    /home/ggolong/dev/build-tools/maven/apache-maven-3.3.9/lib/maven-repository-metadata-3.3.9.jar
85777000-85778000 r--s 00006000 08:01 3278383    /home/ggolong/dev/build-tools/maven/apache-maven-3.3.9/lib/plexus-sec-dispatcher-1.3.jar
85778000-8577a000 r--s 00005000 08:01 3278404    /home/ggolong/dev/build-tools/maven/apache-maven-3.3.9/lib/slf4j-api-1.7.5.jar
8577a000-8577e000 r--s 00027000 08:01 3278399    /home/ggolong/dev/build-tools/maven/apache-maven-3.3.9/lib/aether-impl-1.0.2.v20150114.jar
8577e000-85780000 r--s 00006000 08:01 3278397    /home/ggolong/dev/build-tools/maven/apache-maven-3.3.9/lib/aether-spi-1.0.2.v20150114.jar
85780000-85783000 r--s 0000d000 08:01 3278379    /home/ggolong/dev/build-tools/maven/apache-maven-3.3.9/lib/plexus-interpolation-1.21.jar
85783000-85787000 r--s 00020000 08:01 3278398    /home/ggolong/dev/build-tools/maven/apache-maven-3.3.9/lib/aether-util-1.0.2.v20150114.jar
85787000-85789000 r--s 00002000 08:01 3278384    /home/ggolong/dev/build-tools/maven/apache-maven-3.3.9/lib/plexus-cipher-1.7.jar
85789000-8578d000 r--s 00027000 08:01 3278410    /home/ggolong/dev/build-tools/maven/apache-maven-3.3.9/lib/commons-io-2.2.jar
8578d000-857b8000 r--s 001fc000 08:01 3278394    /home/ggolong/dev/build-tools/maven/apache-maven-3.3.9/lib/guava-18.0.jar
857b8000-857b9000 ---p 00000000 00:00 0 
857b9000-85839000 rw-p 00000000 00:00 0          [stack:4292]
85839000-8583c000 ---p 00000000 00:00 0 
8583c000-8588a000 rw-p 00000000 00:00 0          [stack:4291]
8588a000-8588d000 ---p 00000000 00:00 0 
8588d000-8590b000 rw-p 00000000 00:00 0          [stack:4290]
8590b000-8590e000 ---p 00000000 00:00 0 
8590e000-8598c000 rw-p 00000000 00:00 0          [stack:4289]
8598c000-8598f000 ---p 00000000 00:00 0 
8598f000-859dd000 rw-p 00000000 00:00 0          [stack:4288]
859dd000-85bdd000 r--p 00000000 08:01 1318085    /usr/lib/locale/locale-archive
85bdd000-85be0000 ---p 00000000 00:00 0 
85be0000-85c2e000 rw-p 00000000 00:00 0          [stack:4287]
85c2e000-85c31000 ---p 00000000 00:00 0 
85c31000-85c7f000 rw-p 00000000 00:00 0          [stack:4286]
85c7f000-85c80000 ---p 00000000 00:00 0 
85c80000-85d00000 rw-p 00000000 00:00 0          [stack:4285]
85d00000-85df9000 rw-p 00000000 00:00 0 
85df9000-85e00000 ---p 00000000 00:00 0 
85e00000-85e01000 r--s 00002000 08:01 3278407    /home/ggolong/dev/build-tools/maven/apache-maven-3.3.9/lib/wagon-http-shared-2.10.jar
85e01000-85e03000 r--s 00009000 08:01 3278405    /home/ggolong/dev/build-tools/maven/apache-maven-3.3.9/lib/commons-cli-1.2.jar
85e03000-85e06000 r--s 00008000 08:01 3278389    /home/ggolong/dev/build-tools/maven/apache-maven-3.3.9/lib/cdi-api-1.0.jar
85e06000-85e0d000 r--s 00064000 08:01 3278367    /home/ggolong/dev/build-tools/maven/apache-maven-3.3.9/lib/commons-lang3-3.4.jar
85e0d000-85e12000 r--s 00027000 08:01 3278393    /home/ggolong/dev/build-tools/maven/apache-maven-3.3.9/lib/maven-model-builder-3.3.9.jar
85e12000-85e1b000 r--s 0005f000 08:01 3278400    /home/ggolong/dev/build-tools/maven/apache-maven-3.3.9/lib/guice-4.0-no_aop.jar
85e1b000-85e21000 r--s 00042000 08:01 3278408    /home/ggolong/dev/build-tools/maven/apache-maven-3.3.9/lib/jsoup-1.7.2.jar
85e21000-85e24000 r--s 00013000 08:01 3278340    /home/ggolong/dev/build-tools/maven/apache-maven-3.3.9/lib/maven-embedder-3.3.9.jar
85e24000-85e31000 r--s 0008f000 08:01 3278363    /home/ggolong/dev/build-tools/maven/apache-maven-3.3.9/lib/maven-core-3.3.9.jar
85e31000-85e35000 r--s 00038000 08:01 3278343    /home/ggolong/dev/build-tools/maven/apache-maven-3.3.9/lib/plexus-utils-3.0.22.jar
85e35000-8600e000 r--s 03d1f000 08:01 2393752    /home/ggolong/dev/sdk/java/jdk1.8.0_91/jre/lib/rt.jar
8600e000-86454000 rw-p 00000000 00:00 0 
86454000-8645a000 ---p 00000000 00:00 0 
8645a000-87600000 rw-p 00000000 00:00 0 
87600000-876ff000 rw-p 00000000 00:00 0 
876ff000-87700000 ---p 00000000 00:00 0 
87700000-87702000 r--s 0000c000 08:01 3278386    /home/ggolong/dev/build-tools/maven/apache-maven-3.3.9/lib/maven-artifact-3.3.9.jar
87702000-87730000 r--s 001fa000 08:01 3278406    /home/ggolong/dev/build-tools/maven/apache-maven-3.3.9/lib/wagon-http-2.10-shaded.jar
87730000-8777f000 rw-p 00000000 00:00 0 
8777f000-87780000 ---p 00000000 00:00 0 
87780000-87800000 rw-p 00000000 00:00 0          [stack:4284]
87800000-87821000 rw-p 00000000 00:00 0 
87821000-87900000 ---p 00000000 00:00 0 
87900000-87901000 r--s 00002000 08:01 3278411    /home/ggolong/dev/build-tools/maven/apache-maven-3.3.9/lib/wagon-file-2.10.jar
87901000-87902000 r--s 0000a000 08:01 3278342    /home/ggolong/dev/build-tools/maven/apache-maven-3.3.9/lib/maven-settings-3.3.9.jar
87902000-87907000 r--s 00041000 08:01 3278409    /home/ggolong/dev/build-tools/maven/apache-maven-3.3.9/lib/commons-lang-2.6.jar
87907000-87909000 r--s 0000a000 08:01 3278387    /home/ggolong/dev/build-tools/maven/apache-maven-3.3.9/lib/maven-plugin-api-3.3.9.jar
87909000-8790b000 r--s 0000f000 08:01 3278395    /home/ggolong/dev/build-tools/maven/apache-maven-3.3.9/lib/maven-aether-provider-3.3.9.jar
8790b000-8790e000 r--s 00026000 08:01 3278366    /home/ggolong/dev/build-tools/maven/apache-maven-3.3.9/lib/maven-model-3.3.9.jar
8790e000-87910000 r--s 00000000 08:01 3278401    /home/ggolong/dev/build-tools/maven/apache-maven-3.3.9/lib/aopalliance-1.0.jar
87910000-87916000 r--s 0002d000 08:01 3278388    /home/ggolong/dev/build-tools/maven/apache-maven-3.3.9/lib/org.eclipse.sisu.plexus-0.3.2.jar
87916000-8791c000 r--s 00041000 08:01 3278402    /home/ggolong/dev/build-tools/maven/apache-maven-3.3.9/lib/maven-compat-3.3.9.jar
8791c000-87924000 r--s 00055000 08:01 3278392    /home/ggolong/dev/build-tools/maven/apache-maven-3.3.9/lib/org.eclipse.sisu.inject-0.3.2.jar
87924000-8797f000 rw-p 00000000 00:00 0 
8797f000-87980000 ---p 00000000 00:00 0 
87980000-89ec0000 rw-p 00000000 00:00 0          [stack:4283]
89ec0000-9c8c0000 ---p 00000000 00:00 0 
9c8c0000-a5b40000 rw-p 00000000 00:00 0 
a5b40000-a7000000 ---p 00000000 00:00 0 
a7000000-a7001000 r--s 00002000 08:01 3278414    /home/ggolong/dev/build-tools/maven/apache-maven-3.3.9/lib/slf4j-simple-1.7.5.jar
a7001000-a7003000 r--s 00009000 08:01 3278369    /home/ggolong/dev/build-tools/maven/apache-maven-3.3.9/lib/maven-settings-builder-3.3.9.jar
a7003000-a7005000 r--s 00005000 08:01 3278413    /home/ggolong/dev/build-tools/maven/apache-maven-3.3.9/lib/aether-transport-wagon-1.0.2.v20150114.jar
a7005000-a7024000 rw-p 00000000 00:00 0 
a7024000-a70b9000 ---p 00000000 00:00 0 
a70b9000-a70cc000 rw-p 00000000 00:00 0 
a70cc000-a7160000 ---p 00000000 00:00 0 
a7160000-a71aa000 rw-p 00000000 00:00 0 
a71aa000-a71b4000 ---p 00000000 00:00 0 
a71b4000-a71d9000 rw-p 00000000 00:00 0 
a71d9000-a7575000 ---p 00000000 00:00 0 
a7575000-a7e75000 rwxp 00000000 00:00 0 
a7e75000-b6575000 ---p 00000000 00:00 0 
b6575000-b658e000 r-xp 00000000 08:01 2501414    /home/ggolong/dev/sdk/java/jdk1.8.0_91/jre/lib/i386/libzip.so
b658e000-b658f000 rw-p 00019000 08:01 2501414    /home/ggolong/dev/sdk/java/jdk1.8.0_91/jre/lib/i386/libzip.so
b658f000-b659a000 r-xp 00000000 08:01 263103     /lib/i386-linux-gnu/libnss_files-2.15.so
b659a000-b659b000 r--p 0000a000 08:01 263103     /lib/i386-linux-gnu/libnss_files-2.15.so
b659b000-b659c000 rw-p 0000b000 08:01 263103     /lib/i386-linux-gnu/libnss_files-2.15.so
b659c000-b65a6000 r-xp 00000000 08:01 263107     /lib/i386-linux-gnu/libnss_nis-2.15.so
b65a6000-b65a7000 r--p 00009000 08:01 263107     /lib/i386-linux-gnu/libnss_nis-2.15.so
b65a7000-b65a8000 rw-p 0000a000 08:01 263107     /lib/i386-linux-gnu/libnss_nis-2.15.so
b65a8000-b65be000 r-xp 00000000 08:01 263097     /lib/i386-linux-gnu/libnsl-2.15.so
b65be000-b65bf000 r--p 00015000 08:01 263097     /lib/i386-linux-gnu/libnsl-2.15.so
b65bf000-b65c0000 rw-p 00016000 08:01 263097     /lib/i386-linux-gnu/libnsl-2.15.so
b65c0000-b65c2000 rw-p 00000000 00:00 0 
b65c2000-b65c9000 r-xp 00000000 08:01 263099     /lib/i386-linux-gnu/libnss_compat-2.15.so
b65c9000-b65ca000 r--p 00006000 08:01 263099     /lib/i386-linux-gnu/libnss_compat-2.15.so
b65ca000-b65cb000 rw-p 00007000 08:01 263099     /lib/i386-linux-gnu/libnss_compat-2.15.so
b65cb000-b65cc000 r--s 00003000 08:01 3278370    /home/ggolong/dev/build-tools/maven/apache-maven-3.3.9/lib/maven-builder-support-3.3.9.jar
b65cc000-b65d1000 r--s 0001d000 08:01 3278396    /home/ggolong/dev/build-tools/maven/apache-maven-3.3.9/lib/aether-api-1.0.2.v20150114.jar
b65d1000-b65d3000 r--s 0000b000 08:01 3278338    /home/ggolong/dev/build-tools/maven/apache-maven-3.3.9/boot/plexus-classworlds-2.5.2.jar
b65d3000-b65db000 rw-s 00000000 08:01 1715684    /tmp/hsperfdata_ggolong/4261
b65db000-b65ff000 r-xp 00000000 08:01 2501429    /home/ggolong/dev/sdk/java/jdk1.8.0_91/jre/lib/i386/libjava.so
b65ff000-b6600000 rw-p 00023000 08:01 2501429    /home/ggolong/dev/sdk/java/jdk1.8.0_91/jre/lib/i386/libjava.so
b6600000-b66f9000 rw-p 00000000 00:00 0 
b66f9000-b6700000 ---p 00000000 00:00 0 
b6700000-b6707000 r-xp 00000000 08:01 263138     /lib/i386-linux-gnu/librt-2.15.so
b6707000-b6708000 r--p 00006000 08:01 263138     /lib/i386-linux-gnu/librt-2.15.so
b6708000-b6709000 rw-p 00007000 08:01 263138     /lib/i386-linux-gnu/librt-2.15.so
b6709000-b670c000 ---p 00000000 00:00 0 
b670c000-b675a000 rw-p 00000000 00:00 0          [stack:4282]
b675a000-b6784000 r-xp 00000000 08:01 263084     /lib/i386-linux-gnu/libm-2.15.so
b6784000-b6785000 r--p 00029000 08:01 263084     /lib/i386-linux-gnu/libm-2.15.so
b6785000-b6786000 rw-p 0002a000 08:01 263084     /lib/i386-linux-gnu/libm-2.15.so
b6786000-b7109000 r-xp 00000000 08:01 2501435    /home/ggolong/dev/sdk/java/jdk1.8.0_91/jre/lib/i386/server/libjvm.so
b7109000-b7176000 rw-p 00983000 08:01 2501435    /home/ggolong/dev/sdk/java/jdk1.8.0_91/jre/lib/i386/server/libjvm.so
b7176000-b759f000 rw-p 00000000 00:00 0 
b759f000-b7743000 r-xp 00000000 08:01 263052     /lib/i386-linux-gnu/libc-2.15.so
b7743000-b7744000 ---p 001a4000 08:01 263052     /lib/i386-linux-gnu/libc-2.15.so
b7744000-b7746000 r--p 001a4000 08:01 263052     /lib/i386-linux-gnu/libc-2.15.so
b7746000-b7747000 rw-p 001a6000 08:01 263052     /lib/i386-linux-gnu/libc-2.15.so
b7747000-b774a000 rw-p 00000000 00:00 0 
b774a000-b774d000 r-xp 00000000 08:01 263065     /lib/i386-linux-gnu/libdl-2.15.so
b774d000-b774e000 r--p 00002000 08:01 263065     /lib/i386-linux-gnu/libdl-2.15.so
b774e000-b774f000 rw-p 00003000 08:01 263065     /lib/i386-linux-gnu/libdl-2.15.so
b774f000-b7750000 rw-p 00000000 00:00 0 
b7750000-b7764000 r-xp 00000000 08:01 2393054    /home/ggolong/dev/sdk/java/jdk1.8.0_91/lib/i386/jli/libjli.so
b7764000-b7765000 rw-p 00014000 08:01 2393054    /home/ggolong/dev/sdk/java/jdk1.8.0_91/lib/i386/jli/libjli.so
b7765000-b777c000 r-xp 00000000 08:01 263132     /lib/i386-linux-gnu/libpthread-2.15.so
b777c000-b777d000 r--p 00016000 08:01 263132     /lib/i386-linux-gnu/libpthread-2.15.so
b777d000-b777e000 rw-p 00017000 08:01 263132     /lib/i386-linux-gnu/libpthread-2.15.so
b777e000-b7780000 rw-p 00000000 00:00 0 
b7780000-b7781000 r--s 00000000 08:01 3278391    /home/ggolong/dev/build-tools/maven/apache-maven-3.3.9/lib/javax.inject-1.jar
b7781000-b7782000 r--p 005e0000 08:01 1318085    /usr/lib/locale/locale-archive
b7782000-b7783000 rw-p 00000000 00:00 0 
b7783000-b7784000 r--p 00000000 00:00 0 
b7784000-b778f000 r-xp 00000000 08:01 2501452    /home/ggolong/dev/sdk/java/jdk1.8.0_91/jre/lib/i386/libverify.so
b778f000-b7790000 rw-p 0000b000 08:01 2501452    /home/ggolong/dev/sdk/java/jdk1.8.0_91/jre/lib/i386/libverify.so
b7790000-b7792000 rw-p 00000000 00:00 0 
b7792000-b7793000 r-xp 00000000 00:00 0          [vdso]
b7793000-b77b3000 r-xp 00000000 08:01 263032     /lib/i386-linux-gnu/ld-2.15.so
b77b3000-b77b4000 r--p 0001f000 08:01 263032     /lib/i386-linux-gnu/ld-2.15.so
b77b4000-b77b5000 rw-p 00020000 08:01 263032     /lib/i386-linux-gnu/ld-2.15.so
bf8af000-bf8b0000 rwxp 00000000 00:00 0 
bf8e2000-bf903000 rw-p 00000000 00:00 0          [stack]

VM Arguments:
jvm_args: -Dclassworlds.conf=/home/ggolong/dev/build-tools/maven/apache-maven-3.3.9/bin/m2.conf -Dmaven.home=/home/ggolong/dev/build-tools/maven/apache-maven-3.3.9 -Dmaven.multiModuleProjectDirectory=/home/ggolong/dev/projects/hibernate-exercise 
java_command: org.codehaus.plexus.classworlds.launcher.Launcher clean install
java_class_path (initial): /home/ggolong/dev/build-tools/maven/apache-maven-3.3.9/boot/plexus-classworlds-2.5.2.jar
Launcher Type: SUN_STANDARD

Environment Variables:
JAVA_HOME=/home/ggolong/dev/sdk/java/jdk1.8.0_91
PATH=/usr/lib/lightdm/lightdm:/usr/local/sbin:/usr/local/bin:/usr/sbin:/usr/bin:/sbin:/bin:/usr/games:/home/ggolong/dev/sdk/java/jdk1.8.0_91/bin:/home/ggolong/dev/sdk/java/jdk1.8.0_91/jre/bin:/home/ggolong/dev/build-tools/maven/apache-maven-3.3.9/bin
SHELL=/bin/bash
DISPLAY=:0.0

Signal Handlers:
SIGSEGV: [libjvm.so+0x8d0a60], sa_mask[0]=11111111011111111101111111111110, sa_flags=SA_RESTART|SA_SIGINFO
SIGBUS: [libjvm.so+0x8d0a60], sa_mask[0]=11111111011111111101111111111110, sa_flags=SA_RESTART|SA_SIGINFO
SIGFPE: [libjvm.so+0x7503b0], sa_mask[0]=11111111011111111101111111111110, sa_flags=SA_RESTART|SA_SIGINFO
SIGPIPE: [libjvm.so+0x7503b0], sa_mask[0]=11111111011111111101111111111110, sa_flags=SA_RESTART|SA_SIGINFO
SIGXFSZ: [libjvm.so+0x7503b0], sa_mask[0]=11111111011111111101111111111110, sa_flags=SA_RESTART|SA_SIGINFO
SIGILL: [libjvm.so+0x7503b0], sa_mask[0]=11111111011111111101111111111110, sa_flags=SA_RESTART|SA_SIGINFO
SIGUSR1: SIG_DFL, sa_mask[0]=00000000000000000000000000000000, sa_flags=none
SIGUSR2: [libjvm.so+0x751a30], sa_mask[0]=00000000000000000000000000000000, sa_flags=SA_RESTART|SA_SIGINFO
SIGHUP: [libjvm.so+0x752ee0], sa_mask[0]=11111111011111111101111111111110, sa_flags=SA_RESTART|SA_SIGINFO
SIGINT: [libjvm.so+0x752ee0], sa_mask[0]=11111111011111111101111111111110, sa_flags=SA_RESTART|SA_SIGINFO
SIGTERM: [libjvm.so+0x752ee0], sa_mask[0]=11111111011111111101111111111110, sa_flags=SA_RESTART|SA_SIGINFO
SIGQUIT: [libjvm.so+0x752ee0], sa_mask[0]=11111111011111111101111111111110, sa_flags=SA_RESTART|SA_SIGINFO


---------------  S Y S T E M  ---------------

OS:DISTRIB_ID=Ubuntu
DISTRIB_RELEASE=12.04
DISTRIB_CODENAME=precise
DISTRIB_DESCRIPTION="Ubuntu 12.04.5 LTS"

uname:Linux 3.13.0-32-generic #57~precise1-Ubuntu SMP Tue Jul 15 03:50:54 UTC 2014 i686
libc:glibc 2.15 NPTL 2.15 
rlimit: STACK 8192k, CORE 0k, NPROC 15904, NOFILE 4096, AS infinity
load average:0.65 0.38 0.41

/proc/meminfo:
MemTotal:        2054708 kB
MemFree:          348008 kB
Buffers:           42128 kB
Cached:           644264 kB
SwapCached:           28 kB
Active:           821068 kB
Inactive:         781820 kB
Active(anon):     640088 kB
Inactive(anon):   587728 kB
Active(file):     180980 kB
Inactive(file):   194092 kB
Unevictable:           0 kB
Mlocked:               0 kB
HighTotal:       1174356 kB
HighFree:         175068 kB
LowTotal:         880352 kB
LowFree:          172940 kB
SwapTotal:       2085884 kB
SwapFree:        2062168 kB
Dirty:               156 kB
Writeback:             0 kB
AnonPages:        916560 kB
Mapped:           170576 kB
Shmem:            311280 kB
Slab:              55428 kB
SReclaimable:      37812 kB
SUnreclaim:        17616 kB
KernelStack:        3856 kB
PageTables:        13344 kB
NFS_Unstable:          0 kB
Bounce:                0 kB
WritebackTmp:          0 kB
CommitLimit:     3113236 kB
Committed_AS:    4718172 kB
VmallocTotal:     122880 kB
VmallocUsed:       14380 kB
VmallocChunk:     103668 kB
HardwareCorrupted:     0 kB
AnonHugePages:    358400 kB
HugePages_Total:       0
HugePages_Free:        0
HugePages_Rsvd:        0
HugePages_Surp:        0
Hugepagesize:       2048 kB
DirectMap4k:       26616 kB
DirectMap2M:      886784 kB


CPU:total 2 (2 cores per cpu, 1 threads per core) family 6 model 14 stepping 8, cmov, cx8, fxsr, mmx, sse, sse2, sse3, tsc

/proc/cpuinfo:
processor	: 0
vendor_id	: GenuineIntel
cpu family	: 6
model		: 14
model name	: Genuine Intel(R) CPU           T2400  @ 1.83GHz
stepping	: 8
microcode	: 0x39
cpu MHz		: 1833.000
cache size	: 2048 KB
physical id	: 0
siblings	: 2
core id		: 0
cpu cores	: 2
apicid		: 0
initial apicid	: 0
fdiv_bug	: no
f00f_bug	: no
coma_bug	: no
fpu		: yes
fpu_exception	: yes
cpuid level	: 10
wp		: yes
flags		: fpu vme de pse tsc msr pae mce cx8 apic sep mtrr pge mca cmov clflush dts acpi mmx fxsr sse sse2 ss ht tm pbe nx constant_tsc arch_perfmon bts aperfmperf pni monitor vmx est tm2 xtpr pdcm dtherm
bogomips	: 3657.44
clflush size	: 64
cache_alignment	: 64
address sizes	: 32 bits physical, 32 bits virtual
power management:

processor	: 1
vendor_id	: GenuineIntel
cpu family	: 6
model		: 14
model name	: Genuine Intel(R) CPU           T2400  @ 1.83GHz
stepping	: 8
microcode	: 0x39
cpu MHz		: 1833.000
cache size	: 2048 KB
physical id	: 0
siblings	: 2
core id		: 1
cpu cores	: 2
apicid		: 1
initial apicid	: 1
fdiv_bug	: no
f00f_bug	: no
coma_bug	: no
fpu		: yes
fpu_exception	: yes
cpuid level	: 10
wp		: yes
flags		: fpu vme de pse tsc msr pae mce cx8 apic sep mtrr pge mca cmov clflush dts acpi mmx fxsr sse sse2 ss ht tm pbe nx constant_tsc arch_perfmon bts aperfmperf pni monitor vmx est tm2 xtpr pdcm dtherm
bogomips	: 3657.44
clflush size	: 64
cache_alignment	: 64
address sizes	: 32 bits physical, 32 bits virtual
power management:



Memory: 4k page, physical 2054708k(348008k free), swap 2085884k(2062168k free)

vm_info: Java HotSpot(TM) Server VM (25.91-b14) for linux-x86 JRE (1.8.0_91-b14), built on Apr  1 2016 01:01:13 by "java_re" with gcc 4.3.0 20080428 (Red Hat 4.3.0-8)

time: Tue Aug 23 10:54:03 2016
elapsed time: 8 seconds (0d 0h 0m 8s)

